Determining if the pthread_create exist failed with the following output:
Change Dir: /home/ubuntu/rccar_catkin_ws/src/um_acc/CMakeFiles/CMakeTmp

Run Build Command:/usr/bin/make "cmTryCompileExec1765308071/fast"
/usr/bin/make -f CMakeFiles/cmTryCompileExec1765308071.dir/build.make CMakeFiles/cmTryCompileExec1765308071.dir/build
make[1]: Entering directory `/home/ubuntu/rccar_catkin_ws/src/um_acc/CMakeFiles/CMakeTmp'
/usr/bin/cmake -E cmake_progress_report /home/ubuntu/rccar_catkin_ws/src/um_acc/CMakeFiles/CMakeTmp/CMakeFiles 1
Building C object CMakeFiles/cmTryCompileExec1765308071.dir/CheckSymbolExists.c.o
/usr/bin/cc    -o CMakeFiles/cmTryCompileExec1765308071.dir/CheckSymbolExists.c.o   -c /home/ubuntu/rccar_catkin_ws/src/um_acc/CMakeFiles/CMakeTmp/CheckSymbolExists.c
Linking C executable cmTryCompileExec1765308071
/usr/bin/cmake -E cmake_link_script CMakeFiles/cmTryCompileExec1765308071.dir/link.txt --verbose=1
/usr/bin/cc       CMakeFiles/cmTryCompileExec1765308071.dir/CheckSymbolExists.c.o  -o cmTryCompileExec1765308071 -rdynamic 
CMakeFiles/cmTryCompileExec1765308071.dir/CheckSymbolExists.c.o: In function `main':
CheckSymbolExists.c:(.text+0xe): undefined reference to `pthread_create'
CheckSymbolExists.c:(.text+0x12): undefined reference to `pthread_create'
collect2: error: ld returned 1 exit status
make[1]: Leaving directory `/home/ubuntu/rccar_catkin_ws/src/um_acc/CMakeFiles/CMakeTmp'
make[1]: *** [cmTryCompileExec1765308071] Error 1
make: *** [cmTryCompileExec1765308071/fast] Error 2

File /home/ubuntu/rccar_catkin_ws/src/um_acc/CMakeFiles/CMakeTmp/CheckSymbolExists.c:
/* */
#include <pthread.h>

int main(int argc, char** argv)
{
  (void)argv;
#ifndef pthread_create
  return ((int*)(&pthread_create))[argc];
#else
  (void)argc;
  return 0;
#endif
}

Determining if the function pthread_create exists in the pthreads failed with the following output:
Change Dir: /home/ubuntu/rccar_catkin_ws/src/um_acc/CMakeFiles/CMakeTmp

Run Build Command:/usr/bin/make "cmTryCompileExec735978216/fast"
/usr/bin/make -f CMakeFiles/cmTryCompileExec735978216.dir/build.make CMakeFiles/cmTryCompileExec735978216.dir/build
make[1]: Entering directory `/home/ubuntu/rccar_catkin_ws/src/um_acc/CMakeFiles/CMakeTmp'
/usr/bin/cmake -E cmake_progress_report /home/ubuntu/rccar_catkin_ws/src/um_acc/CMakeFiles/CMakeTmp/CMakeFiles 1
Building C object CMakeFiles/cmTryCompileExec735978216.dir/CheckFunctionExists.c.o
/usr/bin/cc   -DCHECK_FUNCTION_EXISTS=pthread_create   -o CMakeFiles/cmTryCompileExec735978216.dir/CheckFunctionExists.c.o   -c /usr/share/cmake-2.8/Modules/CheckFunctionExists.c
Linking C executable cmTryCompileExec735978216
/usr/bin/cmake -E cmake_link_script CMakeFiles/cmTryCompileExec735978216.dir/link.txt --verbose=1
/usr/bin/cc   -DCHECK_FUNCTION_EXISTS=pthread_create    CMakeFiles/cmTryCompileExec735978216.dir/CheckFunctionExists.c.o  -o cmTryCompileExec735978216 -rdynamic -lpthreads 
/usr/bin/ld: cannot find -lpthreads
collect2: error: ld returned 1 exit status
make[1]: Leaving directory `/home/ubuntu/rccar_catkin_ws/src/um_acc/CMakeFiles/CMakeTmp'
make[1]: *** [cmTryCompileExec735978216] Error 1
make: *** [cmTryCompileExec735978216/fast] Error 2


